Resource Usage Report for SF2_MSS_sys 

Mapping to part: m2s025vf256std
Cell usage:
CCC             1 use
CLKINT          3 uses
MSS_025         1 use
OR3             2 uses
RCOSC_25_50MHZ  1 use
SYSRESET        1 use
CFG2           86 uses
CFG3           113 uses
CFG4           362 uses

Carry primitives used for arithmetic functions:
ARI1           294 uses


Sequential Cells: 
SLE            545 uses

DSP Blocks:    0

I/O ports: 28
I/O primitives: 27
INBUF          7 uses
OUTBUF         20 uses


Global Clock Buffers: 3


Total LUTs:    855

Extra resources required for RAM and MACC interface logic during P&R:

RAM64x18 Interface Logic : SLEs = 36; LUTs = 36;
RAM1K18  Interface Logic : SLEs = 0; LUTs = 0;
MACC     Interface Logic : SLEs = 0; LUTs = 0;

Total number of SLEs after P&R:  545 + 36 + 0 + 0 = 581;
Total number of LUTs after P&R:  855 + 36 + 0 + 0 = 891;

