C:\Microsemi\Libero_SoC_v11.7\Synplify\bin64\c_hdl.exe  -osyn  C:\Users\Hiperwall\Desktop\NewProject\PWM_8ch_16b_Creative\synthesis\synwork\SF2_MSS_sys_comp.srs  -top  work.SF2_MSS_sys  -hdllog  C:\Users\Hiperwall\Desktop\NewProject\PWM_8ch_16b_Creative\synthesis\synlog\SF2_MSS_sys_compiler.srr  -encrypt  -mp  1  -vhdl  -prodtype  synplify_pro  -infer_seqShift -primux -dspmac -pqdpadd -fixsmult -sdff_counter -divnmod -nram  -encrypt  -pro  -dmgen  C:\Users\Hiperwall\Desktop\NewProject\PWM_8ch_16b_Creative\synthesis\dm  -lite -ui -fid2 -ram -sharing on -ll 2000 -autosm  -vhdl2008  -ignore_undefined_lib  -lib work C:\Users\Hiperwall\Desktop\NewProject\PWM_8ch_16b_Creative\component\Actel\DirectCore\CoreResetP\7.1.100\rtl\vhdl\core\coreresetp_pcie_hotreset.vhd -lib work C:\Users\Hiperwall\Desktop\NewProject\PWM_8ch_16b_Creative\component\Actel\DirectCore\CoreResetP\7.1.100\rtl\vhdl\core\coreresetp.vhd -lib work C:\Users\Hiperwall\Desktop\NewProject\PWM_8ch_16b_Creative\component\work\SF2_MSS_sys_sb\CCC_0\SF2_MSS_sys_sb_CCC_0_FCCC.vhd -lib work C:\Users\Hiperwall\Desktop\NewProject\PWM_8ch_16b_Creative\component\Actel\SgCore\OSC\2.0.101\osc_comps.vhd -lib work C:\Users\Hiperwall\Desktop\NewProject\PWM_8ch_16b_Creative\component\work\SF2_MSS_sys_sb\FABOSC_0\SF2_MSS_sys_sb_FABOSC_0_OSC.vhd -lib work C:\Users\Hiperwall\Desktop\NewProject\PWM_8ch_16b_Creative\component\work\SF2_MSS_sys_sb_MSS\SF2_MSS_sys_sb_MSS_syn.vhd -lib work C:\Users\Hiperwall\Desktop\NewProject\PWM_8ch_16b_Creative\component\work\SF2_MSS_sys_sb_MSS\SF2_MSS_sys_sb_MSS.vhd -lib COREAPB3_LIB C:\Users\Hiperwall\Desktop\NewProject\PWM_8ch_16b_Creative\component\Actel\DirectCore\CoreAPB3\4.1.100\rtl\vhdl\core\coreapb3_muxptob3.vhd -lib COREAPB3_LIB C:\Users\Hiperwall\Desktop\NewProject\PWM_8ch_16b_Creative\component\Actel\DirectCore\CoreAPB3\4.1.100\rtl\vhdl\core\coreapb3_iaddr_reg.vhd -lib COREAPB3_LIB C:\Users\Hiperwall\Desktop\NewProject\PWM_8ch_16b_Creative\component\Actel\DirectCore\CoreAPB3\4.1.100\rtl\vhdl\core\coreapb3.vhd -lib COREGPIO_LIB C:\Users\Hiperwall\Desktop\NewProject\PWM_8ch_16b_Creative\component\Actel\DirectCore\CoreGPIO\3.1.101\rtl\vhdl\core\coregpio_pkg.vhd -lib COREGPIO_LIB C:\Users\Hiperwall\Desktop\NewProject\PWM_8ch_16b_Creative\component\Actel\DirectCore\CoreGPIO\3.1.101\rtl\vhdl\core\coregpio.vhd -lib COREPWM_LIB C:\Users\Hiperwall\Desktop\NewProject\PWM_8ch_16b_Creative\component\Actel\DirectCore\corepwm\4.3.101\rtl\vhdl\core\pwm_gen.vhd -lib COREPWM_LIB C:\Users\Hiperwall\Desktop\NewProject\PWM_8ch_16b_Creative\component\Actel\DirectCore\corepwm\4.3.101\rtl\vhdl\core\reg_if.vhd -lib COREPWM_LIB C:\Users\Hiperwall\Desktop\NewProject\PWM_8ch_16b_Creative\component\Actel\DirectCore\corepwm\4.3.101\rtl\vhdl\core\tach_if.vhd -lib COREPWM_LIB C:\Users\Hiperwall\Desktop\NewProject\PWM_8ch_16b_Creative\component\Actel\DirectCore\corepwm\4.3.101\rtl\vhdl\core\timebase.vhd -lib COREPWM_LIB C:\Users\Hiperwall\Desktop\NewProject\PWM_8ch_16b_Creative\component\Actel\DirectCore\corepwm\4.3.101\rtl\vhdl\core\t_corepwm_pkg.vhd -lib COREPWM_LIB C:\Users\Hiperwall\Desktop\NewProject\PWM_8ch_16b_Creative\component\Actel\DirectCore\corepwm\4.3.101\rtl\vhdl\core\corepwm.vhd -lib COREUARTAPB_LIB C:\Users\Hiperwall\Desktop\NewProject\PWM_8ch_16b_Creative\component\work\SF2_MSS_sys_sb\CoreUARTapb_0\rtl\vhdl\core\Clock_gen.vhd -lib COREUARTAPB_LIB C:\Users\Hiperwall\Desktop\NewProject\PWM_8ch_16b_Creative\component\work\SF2_MSS_sys_sb\CoreUARTapb_0\rtl\vhdl\core\Rx_async.vhd -lib COREUARTAPB_LIB C:\Users\Hiperwall\Desktop\NewProject\PWM_8ch_16b_Creative\component\work\SF2_MSS_sys_sb\CoreUARTapb_0\rtl\vhdl\core\Tx_async.vhd -lib COREUARTAPB_LIB C:\Users\Hiperwall\Desktop\NewProject\PWM_8ch_16b_Creative\component\work\SF2_MSS_sys_sb\CoreUARTapb_0\rtl\vhdl\core\fifo_256x8_g4.vhd -lib COREUARTAPB_LIB C:\Users\Hiperwall\Desktop\NewProject\PWM_8ch_16b_Creative\component\work\SF2_MSS_sys_sb\CoreUARTapb_0\rtl\vhdl\core\coreuart_pkg.vhd -lib COREUARTAPB_LIB C:\Users\Hiperwall\Desktop\NewProject\PWM_8ch_16b_Creative\component\work\SF2_MSS_sys_sb\CoreUARTapb_0\rtl\vhdl\core\CoreUART.vhd -lib COREUARTAPB_LIB C:\Users\Hiperwall\Desktop\NewProject\PWM_8ch_16b_Creative\component\work\SF2_MSS_sys_sb\CoreUARTapb_0\rtl\vhdl\core\CoreUARTapb.vhd -lib COREAPB3_LIB C:\Users\Hiperwall\Desktop\NewProject\PWM_8ch_16b_Creative\component\Actel\DirectCore\CoreAPB3\4.1.100\rtl\vhdl\core\components.vhd -lib COREGPIO_LIB C:\Users\Hiperwall\Desktop\NewProject\PWM_8ch_16b_Creative\component\Actel\DirectCore\CoreGPIO\3.1.101\rtl\vhdl\core\components.vhd -lib COREPWM_LIB C:\Users\Hiperwall\Desktop\NewProject\PWM_8ch_16b_Creative\component\Actel\DirectCore\corepwm\4.3.101\rtl\vhdl\core\components.vhd -lib COREUARTAPB_LIB C:\Users\Hiperwall\Desktop\NewProject\PWM_8ch_16b_Creative\component\work\SF2_MSS_sys_sb\CoreUARTapb_0\rtl\vhdl\core\components.vhd -lib work C:\Users\Hiperwall\Desktop\NewProject\PWM_8ch_16b_Creative\component\work\SF2_MSS_sys_sb\SF2_MSS_sys_sb.vhd -lib work C:\Users\Hiperwall\Desktop\NewProject\PWM_8ch_16b_Creative\component\work\SF2_MSS_sys\SF2_MSS_sys.vhd 
rc:0 success:1
C:\Users\Hiperwall\Desktop\NewProject\PWM_8ch_16b_Creative\synthesis\synwork\SF2_MSS_sys_comp.srs|o|1488867161|134579
C:\Users\Hiperwall\Desktop\NewProject\PWM_8ch_16b_Creative\synthesis\synlog\SF2_MSS_sys_compiler.srr|o|1488867161|63343
C:\Users\Hiperwall\Desktop\NewProject\PWM_8ch_16b_Creative\component\Actel\DirectCore\CoreResetP\7.1.100\rtl\vhdl\core\coreresetp_pcie_hotreset.vhd|i|1465384012|9297
C:\Users\Hiperwall\Desktop\NewProject\PWM_8ch_16b_Creative\component\Actel\DirectCore\CoreResetP\7.1.100\rtl\vhdl\core\coreresetp.vhd|i|1465384012|75054
C:\Users\Hiperwall\Desktop\NewProject\PWM_8ch_16b_Creative\component\work\SF2_MSS_sys_sb\CCC_0\SF2_MSS_sys_sb_CCC_0_FCCC.vhd|i|1487048960|5710
C:\Users\Hiperwall\Desktop\NewProject\PWM_8ch_16b_Creative\component\Actel\SgCore\OSC\2.0.101\osc_comps.vhd|i|1478819644|2164
C:\Users\Hiperwall\Desktop\NewProject\PWM_8ch_16b_Creative\component\work\SF2_MSS_sys_sb\FABOSC_0\SF2_MSS_sys_sb_FABOSC_0_OSC.vhd|i|1487048962|1591
C:\Users\Hiperwall\Desktop\NewProject\PWM_8ch_16b_Creative\component\work\SF2_MSS_sys_sb_MSS\SF2_MSS_sys_sb_MSS_syn.vhd|i|1487542534|70288
C:\Users\Hiperwall\Desktop\NewProject\PWM_8ch_16b_Creative\component\work\SF2_MSS_sys_sb_MSS\SF2_MSS_sys_sb_MSS.vhd|i|1487542534|87339
C:\Users\Hiperwall\Desktop\NewProject\PWM_8ch_16b_Creative\component\Actel\DirectCore\CoreAPB3\4.1.100\rtl\vhdl\core\coreapb3_muxptob3.vhd|i|1462466262|9523
C:\Users\Hiperwall\Desktop\NewProject\PWM_8ch_16b_Creative\component\Actel\DirectCore\CoreAPB3\4.1.100\rtl\vhdl\core\coreapb3_iaddr_reg.vhd|i|1462466262|5757
C:\Users\Hiperwall\Desktop\NewProject\PWM_8ch_16b_Creative\component\Actel\DirectCore\CoreAPB3\4.1.100\rtl\vhdl\core\coreapb3.vhd|i|1462466262|78851
C:\Users\Hiperwall\Desktop\NewProject\PWM_8ch_16b_Creative\component\Actel\DirectCore\CoreGPIO\3.1.101\rtl\vhdl\core\coregpio_pkg.vhd|i|1487022710|3084
C:\Users\Hiperwall\Desktop\NewProject\PWM_8ch_16b_Creative\component\Actel\DirectCore\CoreGPIO\3.1.101\rtl\vhdl\core\coregpio.vhd|i|1487022710|39361
C:\Users\Hiperwall\Desktop\NewProject\PWM_8ch_16b_Creative\component\Actel\DirectCore\corepwm\4.3.101\rtl\vhdl\core\pwm_gen.vhd|i|1485047736|4804
C:\Users\Hiperwall\Desktop\NewProject\PWM_8ch_16b_Creative\component\Actel\DirectCore\corepwm\4.3.101\rtl\vhdl\core\reg_if.vhd|i|1485047736|55078
C:\Users\Hiperwall\Desktop\NewProject\PWM_8ch_16b_Creative\component\Actel\DirectCore\corepwm\4.3.101\rtl\vhdl\core\tach_if.vhd|i|1485047736|6560
C:\Users\Hiperwall\Desktop\NewProject\PWM_8ch_16b_Creative\component\Actel\DirectCore\corepwm\4.3.101\rtl\vhdl\core\timebase.vhd|i|1485047736|2996
C:\Users\Hiperwall\Desktop\NewProject\PWM_8ch_16b_Creative\component\Actel\DirectCore\corepwm\4.3.101\rtl\vhdl\core\t_corepwm_pkg.vhd|i|1485047736|417
C:\Users\Hiperwall\Desktop\NewProject\PWM_8ch_16b_Creative\component\Actel\DirectCore\corepwm\4.3.101\rtl\vhdl\core\corepwm.vhd|i|1485047736|71908
C:\Users\Hiperwall\Desktop\NewProject\PWM_8ch_16b_Creative\component\work\SF2_MSS_sys_sb\CoreUARTapb_0\rtl\vhdl\core\Clock_gen.vhd|i|1487048960|12921
C:\Users\Hiperwall\Desktop\NewProject\PWM_8ch_16b_Creative\component\work\SF2_MSS_sys_sb\CoreUARTapb_0\rtl\vhdl\core\Rx_async.vhd|i|1487048960|21585
C:\Users\Hiperwall\Desktop\NewProject\PWM_8ch_16b_Creative\component\work\SF2_MSS_sys_sb\CoreUARTapb_0\rtl\vhdl\core\Tx_async.vhd|i|1487048960|11228
C:\Users\Hiperwall\Desktop\NewProject\PWM_8ch_16b_Creative\component\work\SF2_MSS_sys_sb\CoreUARTapb_0\rtl\vhdl\core\fifo_256x8_g4.vhd|i|1487048960|17667
C:\Users\Hiperwall\Desktop\NewProject\PWM_8ch_16b_Creative\component\work\SF2_MSS_sys_sb\CoreUARTapb_0\rtl\vhdl\core\coreuart_pkg.vhd|i|1487048960|531
C:\Users\Hiperwall\Desktop\NewProject\PWM_8ch_16b_Creative\component\work\SF2_MSS_sys_sb\CoreUARTapb_0\rtl\vhdl\core\CoreUART.vhd|i|1487048960|22433
C:\Users\Hiperwall\Desktop\NewProject\PWM_8ch_16b_Creative\component\work\SF2_MSS_sys_sb\CoreUARTapb_0\rtl\vhdl\core\CoreUARTapb.vhd|i|1487048960|17799
C:\Users\Hiperwall\Desktop\NewProject\PWM_8ch_16b_Creative\component\Actel\DirectCore\CoreAPB3\4.1.100\rtl\vhdl\core\components.vhd|i|1462466262|6172
C:\Users\Hiperwall\Desktop\NewProject\PWM_8ch_16b_Creative\component\Actel\DirectCore\CoreGPIO\3.1.101\rtl\vhdl\core\components.vhd|i|1487022710|7134
C:\Users\Hiperwall\Desktop\NewProject\PWM_8ch_16b_Creative\component\Actel\DirectCore\corepwm\4.3.101\rtl\vhdl\core\components.vhd|i|1485047736|7016
C:\Users\Hiperwall\Desktop\NewProject\PWM_8ch_16b_Creative\component\work\SF2_MSS_sys_sb\CoreUARTapb_0\rtl\vhdl\core\components.vhd|i|1487048960|2740
C:\Users\Hiperwall\Desktop\NewProject\PWM_8ch_16b_Creative\component\work\SF2_MSS_sys_sb\SF2_MSS_sys_sb.vhd|i|1487048962|57043
C:\Users\Hiperwall\Desktop\NewProject\PWM_8ch_16b_Creative\component\work\SF2_MSS_sys\SF2_MSS_sys.vhd|i|1487049112|7244
C:\Microsemi\Libero_SoC_v11.7\Synplify\bin\c_hdl.exe|i|1449250522|1295872
C:\Microsemi\Libero_SoC_v11.7\Synplify\bin64\c_hdl.exe|i|1449250524|1897472
