sourcing C:\Microsemi\Libero_SoC_v11.7\Synplify\lib\message_override.tcl


Starting:    C:\Microsemi\Libero_SoC_v11.7\Synplify\bin64\mbin\synbatch.exe
Install:     C:\Microsemi\Libero_SoC_v11.7\Synplify
Hostname:    MSPC1
Date:        Mon Mar 06 22:12:38 2017
Version:     J-2015.03M-SP1-2

Arguments:   -product synplify_pro -licensetype synplifypro_actel -batch -log synplify.log SF2_MSS_sys_syn.tcl
ProductType: synplify_pro

License checkout: synplifypro_actel
License: synplifypro_actel node-locked 
Licensed Vendor: actel
License Option: actel_oem

Running in Vendor Mode


auto_infer_blackbox is not supported in current product.

log file: "C:\Users\Hiperwall\Desktop\NewProject\PWM_8ch_16b_Creative\synthesis\SF2_MSS_sys.srr"

Running: synthesis in foreground



Running SF2_MSS_sys_syn|synthesis


Running: compile (Compile) on SF2_MSS_sys_syn|synthesis


Running: compile_flow (Compile Process) on SF2_MSS_sys_syn|synthesis


Running: compiler (Compile Input) on SF2_MSS_sys_syn|synthesis

Copied C:\Users\Hiperwall\Desktop\NewProject\PWM_8ch_16b_Creative\synthesis\synwork\SF2_MSS_sys_comp.srs to C:\Users\Hiperwall\Desktop\NewProject\PWM_8ch_16b_Creative\synthesis\SF2_MSS_sys.srs


compiler Completed
Return Code: 0
Run Time:0h:00m:04s


Running: multi_srs_gen (Multi-srs Generator) on SF2_MSS_sys_syn|synthesis

Copied C:\Users\Hiperwall\Desktop\NewProject\PWM_8ch_16b_Creative\synthesis\synwork\SF2_MSS_sys_comp.srs to C:\Users\Hiperwall\Desktop\NewProject\PWM_8ch_16b_Creative\synthesis\synwork\SF2_MSS_sys_s.srs


multi_srs_gen Completed
Return Code: 0
Run Time:0h:00m:01s

Copied C:\Users\Hiperwall\Desktop\NewProject\PWM_8ch_16b_Creative\synthesis\synwork\SF2_MSS_sys_mult.srs to C:\Users\Hiperwall\Desktop\NewProject\PWM_8ch_16b_Creative\synthesis\SF2_MSS_sys.srs

Complete: Compile Process on SF2_MSS_sys_syn|synthesis


Running: premap (Pre-mapping) on SF2_MSS_sys_syn|synthesis

Copied C:\Users\Hiperwall\Desktop\NewProject\PWM_8ch_16b_Creative\synthesis\SF2_MSS_sys.sap to C:\Users\Hiperwall\Desktop\NewProject\PWM_8ch_16b_Creative\synthesis\synwork\SF2_MSS_sys_s.sap

Copied C:\Users\Hiperwall\Desktop\NewProject\PWM_8ch_16b_Creative\synthesis\SF2_MSS_sys.fse to C:\Users\Hiperwall\Desktop\NewProject\PWM_8ch_16b_Creative\synthesis\synwork\SF2_MSS_sys_s.fse


premap Completed with warnings
Return Code: 1
Run Time:0h:00m:02s

Complete: Compile on SF2_MSS_sys_syn|synthesis


Running: map (Map) on SF2_MSS_sys_syn|synthesis


Running: fpga_mapper (Map & Optimize) on SF2_MSS_sys_syn|synthesis

Copied C:\Users\Hiperwall\Desktop\NewProject\PWM_8ch_16b_Creative\synthesis\synwork\SF2_MSS_sys_m.srm to C:\Users\Hiperwall\Desktop\NewProject\PWM_8ch_16b_Creative\synthesis\SF2_MSS_sys.srm


fpga_mapper Completed with warnings
Return Code: 1
Run Time:0h:00m:06s

Complete: Map on SF2_MSS_sys_syn|synthesis

Complete: Logic Synthesis on SF2_MSS_sys_syn|synthesis

TCL script complete: "SF2_MSS_sys_syn.tcl"

exit status=0

exit status=0

License checkin: synplifypro_actel

