16:17:26 **** Incremental Build of configuration Release for project servoarm ****
make all 
Building target: servoarm.elf
Invoking: Cross ARM C Linker
arm-none-eabi-gcc -mcpu=cortex-m3 -mthumb -O2 -fmessage-length=0 -fsigned-char -ffunction-sections -fdata-sections  -g3 -T ../CMSIS/startup_gcc/production-smartfusion2-execute-in-place.ld -Xlinker --gc-sections -Wl,-Map,"servoarm.map" --specs=rdimon.specs -o "servoarm.elf"  ./hal/CortexM3/GNU/hal.o ./hal/CortexM3/GNU/hw_reg_access.o  ./hal/CortexM3/cortex_nvic.o  ./drivers_config/sys_config/sys_config.o  ./drivers/mss_sys_services/mss_comblk.o ./drivers/mss_sys_services/mss_sys_services.o  ./drivers/mss_spi/mss_spi.o  ./drivers/mss_rtc/mss_rtc.o  ./drivers/mss_nvm/mss_nvm.o  ./drivers/mss_hpdma/mss_hpdma.o  ./drivers/CoreUARTapb/core_uart_apb.o  ./drivers/CorePWM/core_pwm.o  ./drivers/CoreGPIO/core_gpio.o  ./CMSIS/startup_gcc/newlib_stubs.o ./CMSIS/startup_gcc/startup_m2sxxx.o  ./CMSIS/system_m2sxxx.o  ./main.o   
c:/microsemi/softconsole_v4.0/arm-none-eabi-gcc/bin/../lib/gcc/arm-none-eabi/4.9.3/../../../../arm-none-eabi/lib/armv7-m\librdimon.a(rdimon-syscalls.o): In function `_lseek':
syscalls.c:(.text._lseek+0x0): multiple definition of `_lseek'
./CMSIS/startup_gcc/newlib_stubs.o:C:\Users\Hiperwall\Desktop\NewProject\Servo-arm2\SoftConsole\servoarm\Release/../CMSIS/startup_gcc/newlib_stubs.c:156: first defined here
c:/microsemi/softconsole_v4.0/arm-none-eabi-gcc/bin/../lib/gcc/arm-none-eabi/4.9.3/../../../../arm-none-eabi/lib/armv7-m\librdimon.a(rdimon-syscalls.o): In function `_close':
syscalls.c:(.text._close+0x0): multiple definition of `_close'
./CMSIS/startup_gcc/newlib_stubs.o:C:\Users\Hiperwall\Desktop\NewProject\Servo-arm2\SoftConsole\servoarm\Release/../CMSIS/startup_gcc/newlib_stubs.c:75: first defined here
c:/microsemi/softconsole_v4.0/arm-none-eabi-gcc/bin/../lib/gcc/arm-none-eabi/4.9.3/../../../../arm-none-eabi/lib/armv7-m\librdimon.a(rdimon-syscalls.o): In function `_open':
syscalls.c:(.text._open+0x0): multiple definition of `_open'
./CMSIS/startup_gcc/newlib_stubs.o:C:\Users\Hiperwall\Desktop\NewProject\Servo-arm2\SoftConsole\servoarm\Release/../CMSIS/startup_gcc/newlib_stubs.c:164: first defined here
c:/microsemi/softconsole_v4.0/arm-none-eabi-gcc/bin/../lib/gcc/arm-none-eabi/4.9.3/../../../../arm-none-eabi/lib/armv7-m\librdimon.a(rdimon-syscalls.o): In function `_unlink':
syscalls.c:(.text._unlink+0x0): multiple definition of `_unlink'
./CMSIS/startup_gcc/newlib_stubs.o:C:\Users\Hiperwall\Desktop\NewProject\Servo-arm2\SoftConsole\servoarm\Release/../CMSIS/startup_gcc/newlib_stubs.c:290: first defined here
c:/microsemi/softconsole_v4.0/arm-none-eabi-gcc/bin/../lib/gcc/arm-none-eabi/4.9.3/../../../../arm-none-eabi/lib/armv7-m\librdimon.a(rdimon-syscalls.o): In function `_times':
syscalls.c:(.text._times+0x0): multiple definition of `_times'
./CMSIS/startup_gcc/newlib_stubs.o:C:\Users\Hiperwall\Desktop\NewProject\Servo-arm2\SoftConsole\servoarm\Release/../CMSIS/startup_gcc/newlib_stubs.c:284: first defined here
c:/microsemi/softconsole_v4.0/arm-none-eabi-gcc/bin/../lib/gcc/arm-none-eabi/4.9.3/../../../../arm-none-eabi/lib/armv7-m\librdimon.a(rdimon-syscalls.o): In function `_isatty':
syscalls.c:(.text._isatty+0x0): multiple definition of `_isatty'
./CMSIS/startup_gcc/newlib_stubs.o:C:\Users\Hiperwall\Desktop\NewProject\Servo-arm2\SoftConsole\servoarm\Release/../CMSIS/startup_gcc/newlib_stubs.c:130: first defined here
collect2.exe: error: ld returned 1 exit status
makefile:54: recipe for target 'servoarm.elf' failed
make: *** [servoarm.elf] Error 1
